<?xml version="1.0" encoding="UTF-8"?>
<!-- Generated by org.testng.reporters.JUnitReportReporter -->
<testsuite hostname="chinmayee" failures="0" tests="6" name="com.weavapi.testCases.Data_Browser_API.TC_002_get_row_all_files" time="0.139" errors="0" timestamp="2022-05-05T01:48:30 IST" skipped="0">
  <testcase classname="com.weavapi.testCases.Data_Browser_API.TC_002_get_row_all_files" name="checkcolumns" time="0.017"/>
  <system-out/>
  <testcase classname="com.weavapi.testCases.Data_Browser_API.TC_002_get_row_all_files" name="checkstatusLine" time="0.001"/>
  <system-out/>
  <testcase classname="com.weavapi.testCases.Data_Browser_API.TC_002_get_row_all_files" name="checkRowCount" time="0.110"/>
  <system-out/>
  <testcase classname="com.weavapi.testCases.Data_Browser_API.TC_002_get_row_all_files" name="checkResposeBody" time="0.004"/>
  <system-out/>
  <testcase classname="com.weavapi.testCases.Data_Browser_API.TC_002_get_row_all_files" name="checkStatusCode" time="0.002"/>
  <system-out/>
  <testcase classname="com.weavapi.testCases.Data_Browser_API.TC_002_get_row_all_files" name="checkResponseTime" time="0.005"/>
  <system-out/>
</testsuite> <!-- com.weavapi.testCases.Data_Browser_API.TC_002_get_row_all_files -->
