<?xml version="1.0" encoding="UTF-8"?>
<!-- Generated by org.testng.reporters.JUnitReportReporter -->
<testsuite hostname="chinmayee" failures="0" tests="7" name="com.weavapi.testCases.Data_Browser_API.TC_003_get_col_stats" time="0.608" errors="0" timestamp="2022-05-11T18:21:38 IST" skipped="0">
  <testcase classname="com.weavapi.testCases.Data_Browser_API.TC_003_get_col_stats" name="checkResposeBody" time="0.001"/>
  <system-out/>
  <testcase classname="com.weavapi.testCases.Data_Browser_API.TC_003_get_col_stats" name="CheckSummary" time="0.589"/>
  <system-out/>
  <testcase classname="com.weavapi.testCases.Data_Browser_API.TC_003_get_col_stats" name="checkResponseTime" time="0.001"/>
  <system-out/>
  <testcase classname="com.weavapi.testCases.Data_Browser_API.TC_003_get_col_stats" name="checkcolumns" time="0.008"/>
  <system-out/>
  <testcase classname="com.weavapi.testCases.Data_Browser_API.TC_003_get_col_stats" name="checkStatusCode" time="0.000"/>
  <system-out/>
  <testcase classname="com.weavapi.testCases.Data_Browser_API.TC_003_get_col_stats" name="checkmessage" time="0.008"/>
  <system-out/>
  <testcase classname="com.weavapi.testCases.Data_Browser_API.TC_003_get_col_stats" name="checkstatusLine" time="0.001"/>
  <system-out/>
</testsuite> <!-- com.weavapi.testCases.Data_Browser_API.TC_003_get_col_stats -->
