<?xml version="1.0" encoding="UTF-8"?>
<!-- Generated by org.testng.reporters.JUnitReportReporter -->
<testsuite hostname="chinmayee" failures="0" tests="4" name="com.weavapi.testCases.TC_001_Add_by_path" time="0.004" errors="0" timestamp="2022-05-02T17:29:15 IST" skipped="0">
  <testcase classname="com.weavapi.testCases.TC_001_Add_by_path" name="checkStatusCode" time="0.000"/>
  <system-out/>
  <testcase classname="com.weavapi.testCases.TC_001_Add_by_path" name="checkResposeBody" time="0.001"/>
  <system-out/>
  <testcase classname="com.weavapi.testCases.TC_001_Add_by_path" name="checkResponseTime" time="0.003"/>
  <system-out/>
  <testcase classname="com.weavapi.testCases.TC_001_Add_by_path" name="checkstatusLine" time="0.000"/>
  <system-out/>
</testsuite> <!-- com.weavapi.testCases.TC_001_Add_by_path -->
