<?xml version="1.0" encoding="UTF-8"?>
<!-- Generated by org.testng.reporters.JUnitReportReporter -->
<testsuite hostname="chinmayee" failures="0" tests="4" name="com.weavapi.testCases.Data_Browser_API.TC_001_Add_by_path" time="0.008" errors="0" timestamp="2022-05-04T14:26:41 IST" skipped="0">
  <testcase classname="com.weavapi.testCases.Data_Browser_API.TC_001_Add_by_path" name="checkResponseTime" time="0.004"/>
  <system-out/>
  <testcase classname="com.weavapi.testCases.Data_Browser_API.TC_001_Add_by_path" name="checkStatusCode" time="0.002"/>
  <system-out/>
  <testcase classname="com.weavapi.testCases.Data_Browser_API.TC_001_Add_by_path" name="checkResposeBody" time="0.001"/>
  <system-out/>
  <testcase classname="com.weavapi.testCases.Data_Browser_API.TC_001_Add_by_path" name="checkstatusLine" time="0.001"/>
  <system-out/>
</testsuite> <!-- com.weavapi.testCases.Data_Browser_API.TC_001_Add_by_path -->
