<?xml version="1.0" encoding="UTF-8"?>
<!-- Generated by org.testng.reporters.JUnitReportReporter -->
<testsuite hostname="chinmayee" failures="0" tests="4" name="com.weavapi.testCases.TC_002_get_row_all_files" time="0.006" errors="0" timestamp="2022-05-02T17:26:28 IST" skipped="0">
  <testcase classname="com.weavapi.testCases.TC_002_get_row_all_files" name="checkstatusLine" time="0.000"/>
  <system-out/>
  <testcase classname="com.weavapi.testCases.TC_002_get_row_all_files" name="checkStatusCode" time="0.001"/>
  <system-out/>
  <testcase classname="com.weavapi.testCases.TC_002_get_row_all_files" name="checkResposeBody" time="0.001"/>
  <system-out/>
  <testcase classname="com.weavapi.testCases.TC_002_get_row_all_files" name="checkResponseTime" time="0.004"/>
  <system-out/>
</testsuite> <!-- com.weavapi.testCases.TC_002_get_row_all_files -->
